<?xml version="1.0" encoding="UTF-8"?>
<testsuites name="jest tests" tests="8" failures="2" time="9.042">
  <testsuite name="Creating message model" errors="0" failures="0" skipped="0" timestamp="2019-05-23T08:13:44" time="2.32" tests="2">
    <testcase classname="Creating message model Should match the defined message format &amp; properties values" name="Creating message model Should match the defined message format &amp; properties values" time="0.009">
    </testcase>
    <testcase classname="Comparing dates with isOlder function Should return the right value" name="Comparing dates with isOlder function Should return the right value" time="0.002">
    </testcase>
  </testsuite>
  <testsuite name="Connection service" errors="0" failures="0" skipped="0" timestamp="2019-05-23T08:13:44" time="2.761" tests="2">
    <testcase classname="Connection service Should be instantiated" name="Connection service Should be instantiated" time="0.096">
    </testcase>
    <testcase classname=" " name=" " time="0.007">
    </testcase>
  </testsuite>
  <testsuite name="Creating routingTable model" errors="0" failures="2" skipped="0" timestamp="2019-05-23T08:13:44" time="3.977" tests="4">
    <testcase classname="Creating routingTable model Should match the defined routingTable format &amp; properties values" name="Creating routingTable model Should match the defined routingTable format &amp; properties values" time="0.004">
    </testcase>
    <testcase classname="Adding/removing a peer Should add/remove the peer to/from the peers map" name="Adding/removing a peer Should add/remove the peer to/from the peers map" time="0.003">
    </testcase>
    <testcase classname="Merging routing tables Should merge routing tables" name="Merging routing tables Should merge routing tables" time="0.005">
      <failure>Error: expect(received).toEqual(expected) // deep equality

Expected: &quot;0.0.0.0&quot;
Received: {&quot;ip&quot;: &quot;0.0.0.0&quot;, &quot;type&quot;: &quot;validator&quot;}
    at Object.&lt;anonymous&gt; (C:\Users\Hugov\Documents\git\blockr-p2p-lib\src\__tests__\routingTable.model.test.ts:53:50)
    at Object.asyncJestTest (C:\Users\Hugov\Documents\git\blockr-p2p-lib\node_modules\jest-jasmine2\build\jasmineAsyncInstall.js:102:37)
    at resolve (C:\Users\Hugov\Documents\git\blockr-p2p-lib\node_modules\jest-jasmine2\build\queueRunner.js:43:12)
    at new Promise (&lt;anonymous&gt;)
    at mapper (C:\Users\Hugov\Documents\git\blockr-p2p-lib\node_modules\jest-jasmine2\build\queueRunner.js:26:19)
    at promise.then (C:\Users\Hugov\Documents\git\blockr-p2p-lib\node_modules\jest-jasmine2\build\queueRunner.js:73:41)
    at process._tickCallback (internal/process/next_tick.js:68:7)</failure>
    </testcase>
    <testcase classname="Cloning the routing table Should clone the routing table object" name="Cloning the routing table Should clone the routing table object" time="0.002">
      <failure>Error: expect(received).toEqual(expected) // deep equality

Expected: &quot;0.0.0.0&quot;
Received: {&quot;ip&quot;: &quot;0.0.0.0&quot;, &quot;type&quot;: &quot;validator&quot;}
    at Object.&lt;anonymous&gt; (C:\Users\Hugov\Documents\git\blockr-p2p-lib\src\__tests__\routingTable.model.test.ts:70:56)
    at Object.asyncJestTest (C:\Users\Hugov\Documents\git\blockr-p2p-lib\node_modules\jest-jasmine2\build\jasmineAsyncInstall.js:102:37)
    at resolve (C:\Users\Hugov\Documents\git\blockr-p2p-lib\node_modules\jest-jasmine2\build\queueRunner.js:43:12)
    at new Promise (&lt;anonymous&gt;)
    at mapper (C:\Users\Hugov\Documents\git\blockr-p2p-lib\node_modules\jest-jasmine2\build\queueRunner.js:26:19)
    at promise.then (C:\Users\Hugov\Documents\git\blockr-p2p-lib\node_modules\jest-jasmine2\build\queueRunner.js:73:41)
    at process._tickCallback (internal/process/next_tick.js:68:7)</failure>
    </testcase>
  </testsuite>
</testsuites>